#
# There is insufficient memory for the Java Runtime Environment to continue.
# Native memory allocation (mmap) failed to map 130023424 bytes for G1 virtual space
# Possible reasons:
#   The system is out of physical RAM or swap space
#   The process is running with CompressedOops enabled, and the Java Heap may be blocking the growth of the native heap
# Possible solutions:
#   Reduce memory load on the system
#   Increase physical memory or swap space
#   Check if swap backing store is full
#   Decrease Java heap size (-Xmx/-Xms)
#   Decrease number of Java threads
#   Decrease Java thread stack sizes (-Xss)
#   Set larger code cache with -XX:ReservedCodeCacheSize=
#   JVM is running with Unscaled Compressed Oops mode in which the Java heap is
#     placed in the first 4GB address space. The Java Heap base address is the
#     maximum limit for the native heap growth. Please use -XX:HeapBaseMinAddress
#     to set the Java Heap base and to place the Java Heap above 4GB virtual address.
# This output file may be truncated or incomplete.
#
#  Out of Memory Error (os_windows.cpp:3532), pid=5424, tid=13300
#
# JRE version:  (17.0.2+8) (build )
# Java VM: OpenJDK 64-Bit Server VM (17.0.2+8-86, mixed mode, sharing, tiered, compressed oops, compressed class ptrs, g1 gc, windows-amd64)
# No core dump will be written. Minidumps are not enabled by default on client versions of Windows
#

---------------  S U M M A R Y ------------

Command Line: -Dorg.gradle.internal.worker.tmpdir=C:\Kotlin1\netology_homework_4.1\build\tmp\test\work -Dorg.gradle.native=false --add-opens=java.base/java.util=ALL-UNNAMED --add-opens=java.base/java.lang=ALL-UNNAMED -Xmx512m -Dfile.encoding=windows-1251 -Duser.country=RU -Duser.language=ru -Duser.variant -ea worker.org.gradle.process.internal.worker.GradleWorkerMain 'Gradle Test Executor 1'

Host: Intel(R) Core(TM) i5-8250U CPU @ 1.60GHz, 8 cores, 7G,  Windows 11 , 64 bit Build 22000 (10.0.22000.434)
Time: Wed Mar 16 22:07:47 2022 RTZ 2 (s 11 , 64 bit Build 22000 (10.0.22000.434) elapsed time: 0.014924 seconds (0d 0h 0m 0s)

---------------  T H R E A D  ---------------

Current thread (0x0000020c1297e180):  JavaThread "Unknown thread" [_thread_in_vm, id=13300, stack(0x000000378af00000,0x000000378b000000)]

Stack: [0x000000378af00000,0x000000378b000000]
Native frames: (J=compiled Java code, j=interpreted, Vv=VM code, C=native code)
V  [jvm.dll+0x670baa]
V  [jvm.dll+0x7cfcb4]
V  [jvm.dll+0x7d145e]
V  [jvm.dll+0x7d1ac3]
V  [jvm.dll+0x242bc5]
V  [jvm.dll+0x66dac9]
V  [jvm.dll+0x662412]
V  [jvm.dll+0x300c0b]
V  [jvm.dll+0x3081a6]
V  [jvm.dll+0x357d0e]
V  [jvm.dll+0x357f3f]
V  [jvm.dll+0x2d7ec8]
V  [jvm.dll+0x2d8e34]
V  [jvm.dll+0x7a18c1]
V  [jvm.dll+0x365a91]
V  [jvm.dll+0x780d2c]
V  [jvm.dll+0x3e845f]
V  [jvm.dll+0x3e9f01]
C  [jli.dll+0x527b]
C  [ucrtbase.dll+0x26c0c]
C  [KERNEL32.DLL+0x154e0]
C  [ntdll.dll+0x485b]


---------------  P R O C E S S  ---------------

Threads class SMR info:
_java_thread_list=0x00007ff973a99858, length=0, elements={
}

Java Threads: ( => current thread )

Other Threads:
  0x0000020c129a38b0 GCTaskThread "GC Thread#0" [stack: 0x000000378b000000,0x000000378b100000] [id=14208]
  0x0000020c129a8700 ConcurrentGCThread "G1 Main Marker" [stack: 0x000000378b100000,0x000000378b200000] [id=13468]
  0x0000020c129a9c40 ConcurrentGCThread "G1 Conc#0" [stack: 0x000000378b200000,0x000000378b300000] [id=13464]

[error occurred during error reporting (printing all threads), id 0xc0000005, EXCEPTION_ACCESS_VIOLATION (0xc0000005) at pc=0x00007ff9732e88a7]

VM state: not at safepoint (not fully initialized)

VM Mutex/Monitor currently owned by a thread:  ([mutex/lock_event])
[0x0000020c12978830] Heap_lock - owner thread: 0x0000020c1297e180

Heap address: 0x00000000e0000000, size: 512 MB, Compressed Oops mode: 32-bit

CDS archive(s) mapped at: [0x0000000000000000-0x0000000000000000-0x0000000000000000), size 0, SharedBaseAddress: 0x0000000800000000, ArchiveRelocationMode: 0.
Narrow klass base: 0x0000000000000000, Narrow klass shift: 0, Narrow klass range: 0x0

GC Precious Log:
<Empty>

Heap:
 garbage-first heap   total 0K, used 0K [0x00000000e0000000, 0x0000000100000000)
  region size 1024K, 0 young (0K), 0 survivors (0K)

[error occurred during error reporting (printing heap information), id 0xc0000005, EXCEPTION_ACCESS_VIOLATION (0xc0000005) at pc=0x00007ff9736c9f19]

GC Heap History (0 events):
No events

Deoptimization events (0 events):
No events

Classes unloaded (0 events):
No events

Classes redefined (0 events):
No events

Internal exceptions (0 events):
No events

VM Operations (0 events):
No events

Events (1 events):
Event: 0.008 Loaded shared library C:\Users\User\.jdks\openjdk-17.0.2\bin\java.dll


Dynamic libraries:
0x00007ff63a370000 - 0x00007ff63a37e000 	C:\Users\User\.jdks\openjdk-17.0.2\bin\java.exe
0x00007ff9d4680000 - 0x00007ff9d4889000 	C:\WINDOWS\SYSTEM32\ntdll.dll
0x00007ff9d39f0000 - 0x00007ff9d3aad000 	C:\WINDOWS\System32\KERNEL32.DLL
0x00007ff9d21a0000 - 0x00007ff9d2514000 	C:\WINDOWS\System32\KERNELBASE.dll
0x0000000076f50000 - 0x0000000076fe3000 	C:\WINDOWS\System32\SYSFER.DLL
0x00007ff9d2080000 - 0x00007ff9d2191000 	C:\WINDOWS\System32\ucrtbase.dll
0x00007ff9aa560000 - 0x00007ff9aa578000 	C:\Users\User\.jdks\openjdk-17.0.2\bin\jli.dll
0x00007ff9b1540000 - 0x00007ff9b155a000 	C:\Users\User\.jdks\openjdk-17.0.2\bin\VCRUNTIME140.dll
0x00007ff9d4330000 - 0x00007ff9d44dc000 	C:\WINDOWS\System32\USER32.dll
0x00007ff9d1fd0000 - 0x00007ff9d1ff6000 	C:\WINDOWS\System32\win32u.dll
0x00007ff9d4000000 - 0x00007ff9d4029000 	C:\WINDOWS\System32\GDI32.dll
0x00007ff9b2c60000 - 0x00007ff9b2f05000 	C:\WINDOWS\WinSxS\amd64_microsoft.windows.common-controls_6595b64144ccf1df_6.0.22000.120_none_9d947278b86cc467\COMCTL32.dll
0x00007ff9d1b70000 - 0x00007ff9d1c82000 	C:\WINDOWS\System32\gdi32full.dll
0x00007ff9d3e50000 - 0x00007ff9d3ef3000 	C:\WINDOWS\System32\msvcrt.dll
0x00007ff9d1d00000 - 0x00007ff9d1d9d000 	C:\WINDOWS\System32\msvcp_win.dll
0x00007ff9d41d0000 - 0x00007ff9d4201000 	C:\WINDOWS\System32\IMM32.DLL
0x00007ff9c8e40000 - 0x00007ff9c8e4c000 	C:\Users\User\.jdks\openjdk-17.0.2\bin\vcruntime140_1.dll
0x00007ff99c030000 - 0x00007ff99c0bd000 	C:\Users\User\.jdks\openjdk-17.0.2\bin\msvcp140.dll
0x00007ff973000000 - 0x00007ff973bc1000 	C:\Users\User\.jdks\openjdk-17.0.2\bin\server\jvm.dll
0x00007ff9d3b80000 - 0x00007ff9d3c2e000 	C:\WINDOWS\System32\ADVAPI32.dll
0x00007ff9d2990000 - 0x00007ff9d2a2e000 	C:\WINDOWS\System32\sechost.dll
0x00007ff9d4210000 - 0x00007ff9d4330000 	C:\WINDOWS\System32\RPCRT4.dll
0x00007ff9d3c30000 - 0x00007ff9d3c38000 	C:\WINDOWS\System32\PSAPI.DLL
0x00007ff9b4c70000 - 0x00007ff9b4c79000 	C:\WINDOWS\SYSTEM32\WSOCK32.dll
0x00007ff9d3f00000 - 0x00007ff9d3f6f000 	C:\WINDOWS\System32\WS2_32.dll
0x00007ff9cd130000 - 0x00007ff9cd163000 	C:\WINDOWS\SYSTEM32\WINMM.dll
0x00007ff9ca360000 - 0x00007ff9ca36a000 	C:\WINDOWS\SYSTEM32\VERSION.dll
0x00007ff9d0d60000 - 0x00007ff9d0d78000 	C:\WINDOWS\SYSTEM32\kernel.appcore.dll
0x00007ff9c6b50000 - 0x00007ff9c6b5a000 	C:\Users\User\.jdks\openjdk-17.0.2\bin\jimage.dll
0x00007ff9caee0000 - 0x00007ff9cb101000 	C:\WINDOWS\SYSTEM32\DBGHELP.DLL
0x00007ff9cb1c0000 - 0x00007ff9cb1f1000 	C:\WINDOWS\SYSTEM32\dbgcore.DLL
0x00007ff9d2000000 - 0x00007ff9d207f000 	C:\WINDOWS\System32\bcryptPrimitives.dll
0x00007ff9aa190000 - 0x00007ff9aa1b5000 	C:\Users\User\.jdks\openjdk-17.0.2\bin\java.dll

dbghelp: loaded successfully - version: 4.0.5 - missing functions: none
symbol engine: initialized successfully - sym options: 0x614 - pdb path: .;C:\Users\User\.jdks\openjdk-17.0.2\bin;C:\WINDOWS\SYSTEM32;C:\WINDOWS\WinSxS\amd64_microsoft.windows.common-controls_6595b64144ccf1df_6.0.22000.120_none_9d947278b86cc467;C:\Users\User\.jdks\openjdk-17.0.2\bin\server

VM Arguments:
jvm_args: -Dorg.gradle.internal.worker.tmpdir=C:\Kotlin1\netology_homework_4.1\build\tmp\test\work -Dorg.gradle.native=false --add-opens=java.base/java.util=ALL-UNNAMED --add-opens=java.base/java.lang=ALL-UNNAMED -Xmx512m -Dfile.encoding=windows-1251 -Duser.country=RU -Duser.language=ru -Duser.variant -ea 
java_command: worker.org.gradle.process.internal.worker.GradleWorkerMain 'Gradle Test Executor 1'
java_class_path (initial): C:\\Users\\User\\.gradle\\caches\\7.2\\workerMain\\gradle-worker.jar;C:\\Kotlin1\\netology_homework_4.1\\build\\classes\\java\\test;C:\\Kotlin1\\netology_homework_4.1\\build\\classes\\kotlin\\test;C:\\Kotlin1\\netology_homework_4.1\\build\\resources\\test;C:\\Kotlin1\\netology_homework_4.1\\build\\classes\\java\\main;C:\\Kotlin1\\netology_homework_4.1\\build\\classes\\kotlin\\main;C:\\Kotlin1\\netology_homework_4.1\\build\\resources\\main;C:\\Users\\User\\.gradle\\caches\\modules-2\\files-2.1\\org.jetbrains.kotlin\\kotlin-stdlib\\1.6.10\\b8af3fe6f1ca88526914929add63cf5e7c5049af\\kotlin-stdlib-1.6.10.jar;C:\\Users\\User\\.gradle\\caches\\modules-2\\files-2.1\\junit\\junit\\4.13.2\\8ac9e16d933b6fb43bc7f576336b8f4d7eb5ba12\\junit-4.13.2.jar;C:\\Users\\User\\.gradle\\caches\\modules-2\\files-2.1\\org.jetbrains\\annotations\\13.0\\919f0dfe192fb4e063e7dacadee7f8bb9a2672a9\\annotations-13.0.jar;C:\\Users\\User\\.gradle\\caches\\modules-2\\files-2.1\\org.jetbrains.kotlin\\kotlin-stdlib-common\\1.6.10\\c118700e3a33c8a0d9adc920e9dec0831171925\\kotlin-stdlib-common-1.6.10.jar;C:\\Users\\User\\.gradle\\caches\\modules-2\\files-2.1\\org.hamcrest\\hamcrest-core\\1.3\\42a25dc3219429f0e5d060061f71acb49bf010a0\\hamcrest-core-1.3.jar
Launcher Type: SUN_STANDARD

[Global flags]
     intx CICompilerCount                          = 4                                         {product} {ergonomic}
     uint ConcGCThreads                            = 2                                         {product} {ergonomic}
     uint G1ConcRefinementThreads                  = 8                                         {product} {ergonomic}
   size_t G1HeapRegionSize                         = 1048576                                   {product} {ergonomic}
    uintx GCDrainStackTargetSize                   = 64                                        {product} {ergonomic}
   size_t InitialHeapSize                          = 130023424                                 {product} {ergonomic}
   size_t MarkStackSize                            = 4194304                                   {product} {ergonomic}
   size_t MaxHeapSize                              = 536870912                                 {product} {command line}
   size_t MinHeapDeltaBytes                        = 1048576                                   {product} {ergonomic}
   size_t MinHeapSize                              = 8388608                                   {product} {ergonomic}
    uintx NonNMethodCodeHeapSize                   = 5839372                                {pd product} {ergonomic}
    uintx NonProfiledCodeHeapSize                  = 122909434                              {pd product} {ergonomic}
    uintx ProfiledCodeHeapSize                     = 122909434                              {pd product} {ergonomic}
    uintx ReservedCodeCacheSize                    = 251658240                              {pd product} {ergonomic}
     bool SegmentedCodeCache                       = true                                      {product} {ergonomic}
   size_t SoftMaxHeapSize                          = 536870912                              {manageable} {ergonomic}
     bool UseCompressedClassPointers               = true                           {product lp64_product} {ergonomic}
     bool UseCompressedOops                        = true                           {product lp64_product} {ergonomic}
     bool UseG1GC                                  = true                                      {product} {ergonomic}
     bool UseLargePagesIndividualAllocation        = false                                  {pd product} {ergonomic}

Logging:
Log output configuration:
 #0: stdout all=warning uptime,level,tags
 #1: stderr all=off uptime,level,tags

Environment Variables:
JAVA_HOME=C:\Program Files\Java\ <jdk1.8.0_131>
PATH=C:\Program Files (x86)\Common Files\Oracle\Java\javapath;C:\WINDOWS\system32;C:\WINDOWS;C:\WINDOWS\System32\Wbem;C:\WINDOWS\System32\WindowsPowerShell\v1.0\;C:\WINDOWS\System32\OpenSSH\;C:\Program Files\Java\ <jdk1.8.0_131>\bin;C:\Program Files\Git\cmd;C:\Users\User\AppData\Local\Microsoft\WindowsApps;;C:\Users\User\AppData\Local\Programs\Microsoft VS Code\bin
USERNAME=User
OS=Windows_NT
PROCESSOR_IDENTIFIER=Intel64 Family 6 Model 142 Stepping 10, GenuineIntel



---------------  S Y S T E M  ---------------

OS:
 Windows 11 , 64 bit Build 22000 (10.0.22000.434)
OS uptime: 4 days 23:40 hours

CPU: total 8 (initial active 8) (4 cores per cpu, 2 threads per core) family 6 model 142 stepping 10 microcode 0xe0, cx8, cmov, fxsr, ht, mmx, 3dnowpref, sse, sse2, sse3, ssse3, sse4.1, sse4.2, popcnt, lzcnt, tsc, tscinvbit, avx, avx2, aes, erms, clmul, bmi1, bmi2, adx, fma, vzeroupper, clflush, clflushopt

Memory: 4k page, system-wide physical 7845M (412M free)
TotalPageFile size 11941M (AvailPageFile size 105M)
current process WorkingSet (physical memory assigned to process): 10M, peak: 10M
current process commit charge ("private bytes"): 59M, peak: 183M

vm_info: OpenJDK 64-Bit Server VM (17.0.2+8-86) for windows-amd64 JRE (17.0.2+8-86), built on Dec  7 2021 21:49:10 by "mach5one" with MS VC++ 16.8 / 16.9 (VS2019)

END.
